{
  "stats": {
    "suites": 1,
    "tests": 4,
    "passes": 4,
    "pending": 0,
    "failures": 0,
    "start": "2021-08-30T12:07:38.060Z",
    "end": "2021-08-30T12:07:59.140Z",
    "duration": 21080,
    "testsRegistered": 4,
    "passPercent": 100,
    "pendingPercent": 0,
    "other": 0,
    "hasOther": false,
    "skipped": 0,
    "hasSkipped": false
  },
  "results": [
    {
      "uuid": "4a07bd12-2735-43a0-8f7a-5a7d1f2a1592",
      "title": "",
      "fullFile": "cypress/integration/testPratico.js",
      "file": "cypress/integration/testPratico.js",
      "beforeHooks": [],
      "afterHooks": [],
      "tests": [],
      "suites": [
        {
          "uuid": "2fbe64bf-5f6d-459d-9e85-1589a51a8256",
          "title": "Teste De Portal De Vagas",
          "fullFile": "",
          "file": "",
          "beforeHooks": [],
          "afterHooks": [],
          "tests": [
            {
              "title": "teste Pesquisar Curriculos Recebidos",
              "fullTitle": "Teste De Portal De Vagas teste Pesquisar Curriculos Recebidos",
              "timedOut": null,
              "duration": 2624,
              "state": "passed",
              "speed": "slow",
              "pass": true,
              "fail": false,
              "pending": false,
              "context": null,
              "code": "Home.visita();\nHome.usuario();\nHome.senha();\nHome.entrar();\nHome.verifyTitle2();\nHome.mostrandoSelect();\nHome.pesquisarNome();\nHome.verCurriculo();",
              "err": {},
              "uuid": "a2c5b3be-b7e9-440c-8326-10588578840e",
              "parentUUID": "2fbe64bf-5f6d-459d-9e85-1589a51a8256",
              "isHook": false,
              "skipped": false
            },
            {
              "title": "teste Cadastrar Vagas",
              "fullTitle": "Teste De Portal De Vagas teste Cadastrar Vagas",
              "timedOut": null,
              "duration": 8338,
              "state": "passed",
              "speed": "slow",
              "pass": true,
              "fail": false,
              "pending": false,
              "context": null,
              "code": "Home.visita();\nHome.usuario();\nHome.senha();\nHome.entrar();\nHome.verifyTitle2();\nHome.newVaga();\nHome.verifyTitle3();\nHome.nomevaga();\nHome.requisitoVaga();\nHome.adicionarRequisito2();\nHome.requisitoVaga2();\nHome.adicionarRequisito3();\nHome.requisitoVaga3();\nHome.habilidade();\nHome.adicionarHabilidade2();\nHome.habilidade2();\nHome.areaVaga();\nHome.nivelVaga();\nHome.contrato();\nHome.horario();\nHome.beneficios();\nHome.salario();\nHome.nivelEscolar();\nHome.curso();\nHome.espec();\nHome.cadastrarVaga();",
              "err": {},
              "uuid": "1951137f-2d5e-4698-9c03-2f309094d893",
              "parentUUID": "2fbe64bf-5f6d-459d-9e85-1589a51a8256",
              "isHook": false,
              "skipped": false
            },
            {
              "title": "Teste de Pesquisa de Vagas",
              "fullTitle": "Teste De Portal De Vagas Teste de Pesquisa de Vagas",
              "timedOut": null,
              "duration": 1930,
              "state": "passed",
              "speed": "slow",
              "pass": true,
              "fail": false,
              "pending": false,
              "context": null,
              "code": "Home.visit2();\nHome.filtrar();\nHome.pesquisaVagas2();\nHome.verifica();\nHome.canditatar();",
              "err": {},
              "uuid": "7cddf3b0-ae76-419d-8057-4797d88b9dfb",
              "parentUUID": "2fbe64bf-5f6d-459d-9e85-1589a51a8256",
              "isHook": false,
              "skipped": false
            },
            {
              "title": "teste Candidatar-se para vaga",
              "fullTitle": "Teste De Portal De Vagas teste Candidatar-se para vaga",
              "timedOut": null,
              "duration": 7124,
              "state": "passed",
              "speed": "slow",
              "pass": true,
              "fail": false,
              "pending": false,
              "context": null,
              "code": "Home.visit2();\nHome.filtrar();\nHome.pesquisaVagas2();\nHome.verifica();\nHome.canditatar();\nHome.verifica2();\nHome.timeout();\nHome.confirma();\nHome.verifica3();\nHome.nomeCompleto();\nHome.cpf();\nHome.email();\nHome.phone();\nHome.vaga();\nHome.msg();\nHome.verificaCv();\nHome.anexarCv();\nHome.confir();",
              "err": {},
              "uuid": "a002ffae-2126-4a69-9b88-143979885ca3",
              "parentUUID": "2fbe64bf-5f6d-459d-9e85-1589a51a8256",
              "isHook": false,
              "skipped": false
            }
          ],
          "suites": [],
          "passes": [
            "a2c5b3be-b7e9-440c-8326-10588578840e",
            "1951137f-2d5e-4698-9c03-2f309094d893",
            "7cddf3b0-ae76-419d-8057-4797d88b9dfb",
            "a002ffae-2126-4a69-9b88-143979885ca3"
          ],
          "failures": [],
          "pending": [],
          "skipped": [],
          "duration": 20016,
          "root": false,
          "rootEmpty": false,
          "_timeout": 2000
        }
      ],
      "passes": [],
      "failures": [],
      "pending": [],
      "skipped": [],
      "duration": 0,
      "root": true,
      "rootEmpty": true,
      "_timeout": 2000
    }
  ],
  "meta": {
    "mocha": {
      "version": "7.0.1"
    },
    "mochawesome": {
      "options": {
        "quiet": false,
        "reportFilename": "mochawesome",
        "saveHtml": true,
        "saveJson": true,
        "consoleReporter": "spec",
        "useInlineDiffs": false,
        "code": true
      },
      "version": "6.1.1"
    },
    "marge": {
      "options": {
        "configFile": "reporter-config.json",
        "reportDir": "report",
        "overwrite": true,
        "html": true,
        "json": true
      },
      "version": "5.1.0"
    }
  }
}