{
  "stats": {
    "suites": 1,
    "tests": 5,
    "passes": 4,
    "pending": 0,
    "failures": 1,
    "start": "2021-08-27T17:43:55.282Z",
    "end": "2021-08-27T17:44:16.347Z",
    "duration": 21065,
    "testsRegistered": 5,
    "passPercent": 80,
    "pendingPercent": 0,
    "other": 0,
    "hasOther": false,
    "skipped": 0,
    "hasSkipped": false
  },
  "results": [
    {
      "uuid": "dd0e613a-9a65-4e8f-9fef-dafb6c9abae6",
      "title": "",
      "fullFile": "cypress/integration/testPratico.js",
      "file": "cypress/integration/testPratico.js",
      "beforeHooks": [],
      "afterHooks": [],
      "tests": [],
      "suites": [
        {
          "uuid": "cafaa9bb-466c-4944-a2ba-422ffa4b05fa",
          "title": "Teste De Portal De Vagas",
          "fullFile": "",
          "file": "",
          "beforeHooks": [],
          "afterHooks": [],
          "tests": [
            {
              "title": "Teste De Login",
              "fullTitle": "Teste De Portal De Vagas Teste De Login",
              "timedOut": null,
              "duration": 2213,
              "state": "passed",
              "speed": "slow",
              "pass": true,
              "fail": false,
              "pending": false,
              "context": null,
              "code": "Home.visita();\nHome.verifyTitle();\nHome.usuario();\nHome.senha();\nHome.entrar();",
              "err": {},
              "uuid": "781140fb-d128-4936-b0fa-aded6f5493d3",
              "parentUUID": "cafaa9bb-466c-4944-a2ba-422ffa4b05fa",
              "isHook": false,
              "skipped": false
            },
            {
              "title": "teste Pesquisar Curriculos Recebidos",
              "fullTitle": "Teste De Portal De Vagas teste Pesquisar Curriculos Recebidos",
              "timedOut": null,
              "duration": 1904,
              "state": "passed",
              "speed": "slow",
              "pass": true,
              "fail": false,
              "pending": false,
              "context": null,
              "code": "Home.visita();\nHome.usuario();\nHome.senha();\nHome.entrar();\nHome.verifyTitle2();\nHome.mostrandoSelect();\nHome.pesquisarNome();\nHome.verCurriculo();",
              "err": {},
              "uuid": "87aec28b-e789-47bf-9633-8d5ceffee0f3",
              "parentUUID": "cafaa9bb-466c-4944-a2ba-422ffa4b05fa",
              "isHook": false,
              "skipped": false
            },
            {
              "title": "teste Cadastrar Vagas",
              "fullTitle": "Teste De Portal De Vagas teste Cadastrar Vagas",
              "timedOut": null,
              "duration": 7914,
              "state": "passed",
              "speed": "slow",
              "pass": true,
              "fail": false,
              "pending": false,
              "context": null,
              "code": "Home.visita();\nHome.usuario();\nHome.senha();\nHome.entrar();\nHome.verifyTitle2();\nHome.newVaga();\nHome.verifyTitle3();\nHome.nomevaga();\nHome.requisitoVaga();\nHome.adicionarRequisito2();\nHome.requisitoVaga2();\nHome.adicionarRequisito3();\nHome.requisitoVaga3();\nHome.habilidade();\nHome.adicionarHabilidade2();\nHome.habilidade2();\nHome.areaVaga();\nHome.nivelVaga();\nHome.contrato();\nHome.horario();\nHome.beneficios();\nHome.salario();\nHome.nivelEscolar();\nHome.curso();\nHome.espec();\nHome.cadastrarVaga();",
              "err": {},
              "uuid": "7fcf3e25-955d-4eb3-b9b9-4f0508aaf852",
              "parentUUID": "cafaa9bb-466c-4944-a2ba-422ffa4b05fa",
              "isHook": false,
              "skipped": false
            },
            {
              "title": "Teste de Pesquisa de Vagas",
              "fullTitle": "Teste De Portal De Vagas Teste de Pesquisa de Vagas",
              "timedOut": null,
              "duration": 2200,
              "state": "passed",
              "speed": "slow",
              "pass": true,
              "fail": false,
              "pending": false,
              "context": null,
              "code": "Home.visit2();\nHome.filtrar();\nHome.pesquisaVagas2();\nHome.verifica();\nHome.canditatar();",
              "err": {},
              "uuid": "b5e38993-81c6-467a-8a01-5f4c2d268177",
              "parentUUID": "cafaa9bb-466c-4944-a2ba-422ffa4b05fa",
              "isHook": false,
              "skipped": false
            },
            {
              "title": "teste Candidatar-se para vaga",
              "fullTitle": "Teste De Portal De Vagas teste Candidatar-se para vaga",
              "timedOut": null,
              "duration": 5497,
              "state": "failed",
              "speed": null,
              "pass": false,
              "fail": true,
              "pending": false,
              "context": null,
              "code": "Home.visit2();\nHome.filtrar();\nHome.pesquisaVagas2();\nHome.verifica();\nHome.canditatar();\nHome.verifica2();\nHome.confirma();\nHome.verifica3();\nHome.nomeCompleto();\nHome.cpf();\nHome.email();\nHome.phone();\nHome.vaga();\nHome.msg();\nHome.verificaCv();\nHome.anexarCv();\nHome.confirm();",
              "err": {
                "message": "CypressError: Timed out retrying: `cy.click()` failed because the center of this element is hidden from view:\n\n`<button type=\"submit\">Candida...</button>`\n\nFix this problem, or use `{force: true}` to disable error checking.\n\nhttps://on.cypress.io/element-cannot-be-interacted-with",
                "estack": "CypressError: Timed out retrying: `cy.click()` failed because the center of this element is hidden from view:\n\n`<button type=\"submit\">Candida...</button>`\n\nFix this problem, or use `{force: true}` to disable error checking.\n\nhttps://on.cypress.io/element-cannot-be-interacted-with\n    at $Cy.ensureDescendents (https://servertester1.websiteseguro.com/__cypress/runner/cypress_runner.js:160392:24)\n    at ensureDescendents (https://servertester1.websiteseguro.com/__cypress/runner/cypress_runner.js:149064:8)\n    at ensureDescendentsAndScroll (https://servertester1.websiteseguro.com/__cypress/runner/cypress_runner.js:149071:14)\n    at ensureElIsNotCovered (https://servertester1.websiteseguro.com/__cypress/runner/cypress_runner.js:149200:5)\n    at runAllChecks (https://servertester1.websiteseguro.com/__cypress/runner/cypress_runner.js:149337:52)\n    at retryActionability (https://servertester1.websiteseguro.com/__cypress/runner/cypress_runner.js:149352:16)\n    at tryCatcher (https://servertester1.websiteseguro.com/__cypress/runner/cypress_runner.js:9956:23)\n    at Function.Promise.attempt.Promise.try (https://servertester1.websiteseguro.com/__cypress/runner/cypress_runner.js:7230:29)\n    at tryFn (https://servertester1.websiteseguro.com/__cypress/runner/cypress_runner.js:163481:24)\n    at whenStable (https://servertester1.websiteseguro.com/__cypress/runner/cypress_runner.js:163522:12)\n    at https://servertester1.websiteseguro.com/__cypress/runner/cypress_runner.js:163040:16\n    at tryCatcher (https://servertester1.websiteseguro.com/__cypress/runner/cypress_runner.js:9956:23)\n    at Promise._settlePromiseFromHandler (https://servertester1.websiteseguro.com/__cypress/runner/cypress_runner.js:7891:31)\n    at Promise._settlePromise (https://servertester1.websiteseguro.com/__cypress/runner/cypress_runner.js:7948:18)\n    at Promise._settlePromise0 (https://servertester1.websiteseguro.com/__cypress/runner/cypress_runner.js:7993:10)\n    at Promise._settlePromises (https://servertester1.websiteseguro.com/__cypress/runner/cypress_runner.js:8073:18)\nFrom Your Spec Code:\n    at testLogin.confirma (https://servertester1.websiteseguro.com/__cypress/tests?p=cypress/integration/testPratico.js:243:28)\n    at Context.eval (https://servertester1.websiteseguro.com/__cypress/tests?p=cypress/integration/testPratico.js:387:10)",
                "diff": null
              },
              "uuid": "6b8c788d-69a0-4528-892c-0df934a40f93",
              "parentUUID": "cafaa9bb-466c-4944-a2ba-422ffa4b05fa",
              "isHook": false,
              "skipped": false
            }
          ],
          "suites": [],
          "passes": [
            "781140fb-d128-4936-b0fa-aded6f5493d3",
            "87aec28b-e789-47bf-9633-8d5ceffee0f3",
            "7fcf3e25-955d-4eb3-b9b9-4f0508aaf852",
            "b5e38993-81c6-467a-8a01-5f4c2d268177"
          ],
          "failures": [
            "6b8c788d-69a0-4528-892c-0df934a40f93"
          ],
          "pending": [],
          "skipped": [],
          "duration": 19728,
          "root": false,
          "rootEmpty": false,
          "_timeout": 2000
        }
      ],
      "passes": [],
      "failures": [],
      "pending": [],
      "skipped": [],
      "duration": 0,
      "root": true,
      "rootEmpty": true,
      "_timeout": 2000
    }
  ],
  "meta": {
    "mocha": {
      "version": "7.0.1"
    },
    "mochawesome": {
      "options": {
        "quiet": false,
        "reportFilename": "mochawesome",
        "saveHtml": true,
        "saveJson": true,
        "consoleReporter": "spec",
        "useInlineDiffs": false,
        "code": true
      },
      "version": "6.1.1"
    },
    "marge": {
      "options": {
        "configFile": "reporter-config.json",
        "reportDir": "report",
        "overwrite": true,
        "html": true,
        "json": true
      },
      "version": "5.1.0"
    }
  }
}